c:\users\varunjmhatre\desktop\sem 2.5\aggp\varun_mhatre\debug\vc140.pdb
c:\users\varunjmhatre\desktop\sem 2.5\aggp\varun_mhatre\debug\vc140.idb
c:\users\varunjmhatre\desktop\sem 2.5\aggp\varun_mhatre\debug\camera.obj
c:\users\varunjmhatre\desktop\sem 2.5\aggp\varun_mhatre\debug\dxcore.obj
c:\users\varunjmhatre\desktop\sem 2.5\aggp\varun_mhatre\debug\entity.obj
c:\users\varunjmhatre\desktop\sem 2.5\aggp\varun_mhatre\debug\game.obj
c:\users\varunjmhatre\desktop\sem 2.5\aggp\varun_mhatre\debug\main.obj
c:\users\varunjmhatre\desktop\sem 2.5\aggp\varun_mhatre\debug\material.obj
c:\users\varunjmhatre\desktop\sem 2.5\aggp\varun_mhatre\debug\mesh.obj
c:\users\varunjmhatre\desktop\sem 2.5\aggp\varun_mhatre\debug\simpleshader.obj
c:\users\varunjmhatre\desktop\sem 2.5\aggp\varun_mhatre\debug\pixelshader.cso
c:\users\varunjmhatre\desktop\sem 2.5\aggp\varun_mhatre\debug\shadowvs.cso
c:\users\varunjmhatre\desktop\sem 2.5\aggp\varun_mhatre\debug\skyps.cso
c:\users\varunjmhatre\desktop\sem 2.5\aggp\varun_mhatre\debug\skyvs.cso
c:\users\varunjmhatre\desktop\sem 2.5\aggp\varun_mhatre\debug\vertexshader.cso
c:\users\varunjmhatre\desktop\sem 2.5\aggp\varun_mhatre\debug\dx11starter.ilk
c:\users\varunjmhatre\desktop\sem 2.5\aggp\varun_mhatre\debug\dx11starter.exe
c:\users\varunjmhatre\desktop\sem 2.5\aggp\varun_mhatre\debug\dx11starter.pdb
c:\users\varunjmhatre\desktop\sem 2.5\aggp\varun_mhatre\debug\dx11starter.tlog\cl.command.1.tlog
c:\users\varunjmhatre\desktop\sem 2.5\aggp\varun_mhatre\debug\dx11starter.tlog\cl.read.1.tlog
c:\users\varunjmhatre\desktop\sem 2.5\aggp\varun_mhatre\debug\dx11starter.tlog\cl.write.1.tlog
c:\users\varunjmhatre\desktop\sem 2.5\aggp\varun_mhatre\debug\dx11starter.tlog\dx11starter.write.1u.tlog
c:\users\varunjmhatre\desktop\sem 2.5\aggp\varun_mhatre\debug\dx11starter.tlog\fxc.command.1.tlog
c:\users\varunjmhatre\desktop\sem 2.5\aggp\varun_mhatre\debug\dx11starter.tlog\fxc.read.1.tlog
c:\users\varunjmhatre\desktop\sem 2.5\aggp\varun_mhatre\debug\dx11starter.tlog\fxc.write.1.tlog
c:\users\varunjmhatre\desktop\sem 2.5\aggp\varun_mhatre\debug\dx11starter.tlog\link.command.1.tlog
c:\users\varunjmhatre\desktop\sem 2.5\aggp\varun_mhatre\debug\dx11starter.tlog\link.read.1.tlog
c:\users\varunjmhatre\desktop\sem 2.5\aggp\varun_mhatre\debug\dx11starter.tlog\link.write.1.tlog
